<?xml version="1.0" encoding="UTF-8"?>
<!-- Generated by org.testng.reporters.JUnitXMLReporter -->
<testsuite ignored="0" hostname="IN-13NL2J3" failures="1" tests="9" name="Test" time="31.585" errors="0" timestamp="2023-08-03T19:48:23 IST">
  <testcase classname="tests.LoginTest" name="@BeforeMethod setup" time="0.008">
    <failure type="java.lang.NullPointerException" message="Cannot invoke &amp;quot;org.openqa.selenium.WebDriver.get(String)&amp;quot; because &amp;quot;this.driver&amp;quot; is null">
      <![CDATA[java.lang.NullPointerException: Cannot invoke "org.openqa.selenium.WebDriver.get(String)" because "this.driver" is null
at tests.BaseTest.navigateToHomePage(BaseTest.java:25)
at tests.LoginTest.setup(LoginTest.java:17)
at java.base/java.util.ArrayList.forEach(ArrayList.java:1511)
... Removed 31 stack frames]]>
    </failure>
  </testcase> <!-- @BeforeMethod setup -->
  <testcase classname="tests.LoginTest" name="@AfterMethod tearDown" time="-1.691072272289E9">
    <skipped/>
  </testcase> <!-- @AfterMethod tearDown -->
  <testcase classname="tests.LoginTest" name="@BeforeMethod setup" time="-1.691072272291E9">
    <skipped/>
  </testcase> <!-- @BeforeMethod setup -->
  <testcase classname="tests.LoginTest" name="@AfterMethod tearDown" time="-1.691072272294E9">
    <skipped/>
  </testcase> <!-- @AfterMethod tearDown -->
  <testcase classname="tests.AddToCartTest" name="@BeforeMethod setup" time="0.001">
    <failure type="java.lang.NullPointerException" message="Cannot invoke &amp;quot;org.openqa.selenium.WebDriver.get(String)&amp;quot; because &amp;quot;this.driver&amp;quot; is null">
      <![CDATA[java.lang.NullPointerException: Cannot invoke "org.openqa.selenium.WebDriver.get(String)" because "this.driver" is null
at tests.BaseTest.navigateToHomePage(BaseTest.java:25)
at tests.AddToCartTest.setup(AddToCartTest.java:18)
at java.base/java.util.ArrayList.forEach(ArrayList.java:1511)
... Removed 31 stack frames]]>
    </failure>
  </testcase> <!-- @BeforeMethod setup -->
  <testcase classname="tests.AddToCartTest" name="@AfterMethod tearDown" time="-1.691072272299E9">
    <skipped/>
  </testcase> <!-- @AfterMethod tearDown -->
  <testcase classname="tests.AddToCartTest" name="@BeforeMethod setup" time="-1.6910722723E9">
    <skipped/>
  </testcase> <!-- @BeforeMethod setup -->
  <testcase classname="tests.AddToCartTest" name="@AfterMethod tearDown" time="-1.691072272302E9">
    <skipped/>
  </testcase> <!-- @AfterMethod tearDown -->
  <testcase classname="tests.CheckoutTest" name="@BeforeMethod setup" time="0.01">
    <failure type="java.lang.NullPointerException" message="Cannot invoke &amp;quot;org.openqa.selenium.WebDriver.get(String)&amp;quot; because &amp;quot;this.driver&amp;quot; is null">
      <![CDATA[java.lang.NullPointerException: Cannot invoke "org.openqa.selenium.WebDriver.get(String)" because "this.driver" is null
at tests.BaseTest.navigateToHomePage(BaseTest.java:25)
at tests.CheckoutTest.setup(CheckoutTest.java:17)
at java.base/java.util.ArrayList.forEach(ArrayList.java:1511)
... Removed 31 stack frames]]>
    </failure>
  </testcase> <!-- @BeforeMethod setup -->
  <testcase classname="tests.CheckoutTest" name="@AfterMethod tearDown" time="-1.691072303826E9">
    <skipped/>
  </testcase> <!-- @AfterMethod tearDown -->
  <testcase classname="tests.SearchTest" name="@BeforeMethod setup" time="0.001">
    <failure type="java.lang.NullPointerException" message="Cannot invoke &amp;quot;org.openqa.selenium.WebDriver.get(String)&amp;quot; because &amp;quot;this.driver&amp;quot; is null">
      <![CDATA[java.lang.NullPointerException: Cannot invoke "org.openqa.selenium.WebDriver.get(String)" because "this.driver" is null
at tests.BaseTest.navigateToHomePage(BaseTest.java:25)
at tests.SearchTest.setup(SearchTest.java:16)
at java.base/java.util.ArrayList.forEach(ArrayList.java:1511)
... Removed 31 stack frames]]>
    </failure>
  </testcase> <!-- @BeforeMethod setup -->
  <testcase classname="tests.SearchTest" name="@AfterMethod tearDown" time="-1.691072303831E9">
    <skipped/>
  </testcase> <!-- @AfterMethod tearDown -->
  <testcase classname="tests.SearchTest" name="@BeforeMethod setup" time="-1.691072303832E9">
    <skipped/>
  </testcase> <!-- @BeforeMethod setup -->
  <testcase classname="tests.SearchTest" name="@AfterMethod tearDown" time="-1.691072303834E9">
    <skipped/>
  </testcase> <!-- @AfterMethod tearDown -->
  <testcase classname="tests.LoginTest" name="login" time="0.0">
    <skipped/>
  </testcase> <!-- login -->
  <testcase classname="tests.LoginTest" name="signout" time="0.0">
    <skipped/>
  </testcase> <!-- signout -->
  <testcase classname="tests.AddToCartTest" name="Addtocart" time="0.0">
    <skipped/>
  </testcase> <!-- Addtocart -->
  <testcase classname="tests.AddToCartTest" name="validateAddtocartmessage" time="0.0">
    <skipped/>
  </testcase> <!-- validateAddtocartmessage -->
  <testcase classname="tests.SignUpTest" name="Signup" time="3.325"/>
  <testcase classname="tests.SignUpTest" name="UpdateAddress" time="14.438">
    <failure type="org.openqa.selenium.TimeoutException" message="Expected condition failed: waiting for visibility of element located by By.xpath: //strong[normalize-space()=&amp;apos;Address Book&amp;apos;] (tried for 10 second(s) with 500 milliseconds interval)
Build info: version: &amp;apos;4.8.3&amp;apos;, revision: &amp;apos;e5e76298c3&amp;apos;
System info: os.name: &amp;apos;Windows 11&amp;apos;, os.arch: &amp;apos;amd64&amp;apos;, os.version: &amp;apos;10.0&amp;apos;, java.version: &amp;apos;17.0.6&amp;apos;
Driver info: org.openqa.selenium.chrome.ChromeDriver
Capabilities {acceptInsecureCerts: false, browserName: chrome, browserVersion: 115.0.5790.111, chrome: {chromedriverVersion: 114.0.5735.90 (386bc09e8f4f..., userDataDir: C:\WINDOWS\SystemTemp\scope...}, goog:chromeOptions: {debuggerAddress: localhost:53123}, networkConnectionEnabled: false, pageLoadStrategy: normal, platformName: WINDOWS, proxy: Proxy(), se:cdp: ws://localhost:53123/devtoo..., se:cdpVersion: 115.0.5790.111, setWindowRect: true, strictFileInteractability: false, timeouts: {implicit: 0, pageLoad: 300000, script: 30000}, unhandledPromptBehavior: dismiss and notify, webauthn:extension:credBlob: true, webauthn:extension:largeBlob: true, webauthn:extension:minPinLength: true, webauthn:extension:prf: true, webauthn:virtualAuthenticators: true}
Session ID: 3a4f8a3d86e39018de96adf312f39be5">
      <![CDATA[org.openqa.selenium.TimeoutException: Expected condition failed: waiting for visibility of element located by By.xpath: //strong[normalize-space()='Address Book'] (tried for 10 second(s) with 500 milliseconds interval)
Build info: version: '4.8.3', revision: 'e5e76298c3'
System info: os.name: 'Windows 11', os.arch: 'amd64', os.version: '10.0', java.version: '17.0.6'
Driver info: org.openqa.selenium.chrome.ChromeDriver
Capabilities {acceptInsecureCerts: false, browserName: chrome, browserVersion: 115.0.5790.111, chrome: {chromedriverVersion: 114.0.5735.90 (386bc09e8f4f..., userDataDir: C:\WINDOWS\SystemTemp\scope...}, goog:chromeOptions: {debuggerAddress: localhost:53123}, networkConnectionEnabled: false, pageLoadStrategy: normal, platformName: WINDOWS, proxy: Proxy(), se:cdp: ws://localhost:53123/devtoo..., se:cdpVersion: 115.0.5790.111, setWindowRect: true, strictFileInteractability: false, timeouts: {implicit: 0, pageLoad: 300000, script: 30000}, unhandledPromptBehavior: dismiss and notify, webauthn:extension:credBlob: true, webauthn:extension:largeBlob: true, webauthn:extension:minPinLength: true, webauthn:extension:prf: true, webauthn:virtualAuthenticators: true}
Session ID: 3a4f8a3d86e39018de96adf312f39be5
at org.openqa.selenium.support.ui.WebDriverWait.timeoutException(WebDriverWait.java:87)
at org.openqa.selenium.support.ui.FluentWait.until(FluentWait.java:231)
at pages.SignUpPage.UpdateAddress(SignUpPage.java:91)
at tests.SignUpTest.UpdateAddress(SignUpTest.java:28)
at java.base/java.util.ArrayList.forEach(ArrayList.java:1511)
... Removed 27 stack frames]]>
    </failure>
  </testcase> <!-- UpdateAddress -->
  <testcase classname="tests.CheckoutTest" name="CheckOut" time="0.0">
    <skipped/>
  </testcase> <!-- CheckOut -->
  <testcase classname="tests.SearchTest" name="search" time="0.0">
    <skipped/>
  </testcase> <!-- search -->
  <testcase classname="tests.SearchTest" name="review" time="0.0">
    <skipped/>
  </testcase> <!-- review -->
</testsuite> <!-- Test -->
